{"uuid":"710ffc8b-490c-42fa-a7dc-36b6fbe660e2","historyId":"db8fa2e46f4b428e5bdf9acfe7540f89","fullName":"src/test/java/Features/login.feature:4","labels":[{"name":"tag","value":"Task1"},{"name":"host","value":"Sateesh-MacBook-Pro.local"},{"name":"thread","value":"82708@Sateesh-MacBook-Pro.local.TestNG-test-CucumberTest-1(31)"},{"name":"feature","value":"login feature"},{"name":"story","value":"Verify user login"},{"name":"suite","value":"login feature"},{"name":"testClass","value":"Verify user login"},{"name":"framework","value":"cucumber4jvm"},{"name":"language","value":"java"},{"name":"gherkin_uri","value":"file:///Users/sateeshkadiri/IdeaProjects/Mobile_Automation_Maven/src/test/java/Features/login.feature"},{"name":"package","value":"src.test.java.Features.login_feature.login feature"}],"links":[],"name":"Verify user login","status":"skipped","statusDetails":{"known":false,"muted":false,"flaky":false,"message":"Could not start a new session. Possible causes are invalid address of the remote server or browser start-up failure. \nHost info: host: 'Sateesh-MacBook-Pro.local', ip: '2607:fea8:1e5c:7f00:69b2:a48f:5a3d:f571%en0'\nBuild info: version: '4.28.1', revision: '73f5ad48a2'\nSystem info: os.name: 'Mac OS X', os.arch: 'aarch64', os.version: '15.5', java.version: '22.0.1'\nDriver info: io.appium.java_client.android.AndroidDriver\nCommand: [null, newSession {capabilities=[Capabilities {appActivity: ca.bell.selfserve.mybellmob..., appPackage: ca.bell.selfserve.mybellmobile, automationName: UiAutomator2, deviceName: SM-G981W, noReset: false, platformName: ANDROID, platformVersion: 13.0}]}]\nCapabilities {appActivity: ca.bell.selfserve.mybellmob..., appPackage: ca.bell.selfserve.mybellmobile, automationName: UiAutomator2, deviceName: SM-G981W, noReset: false, platformName: ANDROID, platformVersion: 13.0}","trace":"org.openqa.selenium.SessionNotCreatedException: Could not start a new session. Possible causes are invalid address of the remote server or browser start-up failure. \nHost info: host: 'Sateesh-MacBook-Pro.local', ip: '2607:fea8:1e5c:7f00:69b2:a48f:5a3d:f571%en0'\nBuild info: version: '4.28.1', revision: '73f5ad48a2'\nSystem info: os.name: 'Mac OS X', os.arch: 'aarch64', os.version: '15.5', java.version: '22.0.1'\nDriver info: io.appium.java_client.android.AndroidDriver\nCommand: [null, newSession {capabilities=[Capabilities {appActivity: ca.bell.selfserve.mybellmob..., appPackage: ca.bell.selfserve.mybellmobile, automationName: UiAutomator2, deviceName: SM-G981W, noReset: false, platformName: ANDROID, platformVersion: 13.0}]}]\nCapabilities {appActivity: ca.bell.selfserve.mybellmob..., appPackage: ca.bell.selfserve.mybellmobile, automationName: UiAutomator2, deviceName: SM-G981W, noReset: false, platformName: ANDROID, platformVersion: 13.0}\n\tat org.openqa.selenium.remote.RemoteWebDriver.execute(RemoteWebDriver.java:563)\n\tat io.appium.java_client.AppiumDriver.startSession(AppiumDriver.java:313)\n\tat org.openqa.selenium.remote.RemoteWebDriver.<init>(RemoteWebDriver.java:174)\n\tat io.appium.java_client.AppiumDriver.<init>(AppiumDriver.java:101)\n\tat io.appium.java_client.AppiumDriver.<init>(AppiumDriver.java:113)\n\tat io.appium.java_client.android.AndroidDriver.<init>(AndroidDriver.java:109)\n\tat Utilities.AppDriver.launchApp(AppDriver.java:60)\n\tat StepDefinitions.BaseStepDef.setUp(BaseStepDef.java:25)\nCaused by: java.lang.IllegalArgumentException: Illegal key values seen in w3c capabilities: [appActivity, appPackage, automationName, deviceName, noReset, platformVersion]\n\tat org.openqa.selenium.remote.NewSessionPayload.lambda$validate$5(NewSessionPayload.java:163)\n\tat java.base/java.util.stream.ReferencePipeline$15$1.accept(ReferencePipeline.java:555)\n\tat java.base/java.util.stream.ReferencePipeline$15$1.accept(ReferencePipeline.java:556)\n\tat java.base/java.util.stream.ReferencePipeline$3$1.accept(ReferencePipeline.java:212)\n\tat java.base/java.util.stream.ReferencePipeline$15$1.accept(ReferencePipeline.java:556)\n\tat java.base/java.util.ArrayList$ArrayListSpliterator.forEachRemaining(ArrayList.java:1709)\n\tat java.base/java.util.stream.AbstractPipeline.copyInto(AbstractPipeline.java:556)\n\tat java.base/java.util.stream.AbstractPipeline.wrapAndCopyInto(AbstractPipeline.java:546)\n\tat java.base/java.util.stream.ForEachOps$ForEachOp.evaluateSequential(ForEachOps.java:151)\n\tat java.base/java.util.stream.ForEachOps$ForEachOp$OfRef.evaluateSequential(ForEachOps.java:174)\n\tat java.base/java.util.stream.AbstractPipeline.evaluate(AbstractPipeline.java:265)\n\tat java.base/java.util.stream.ReferencePipeline.forEach(ReferencePipeline.java:611)\n\tat org.openqa.selenium.remote.NewSessionPayload.validate(NewSessionPayload.java:167)\n\tat org.openqa.selenium.remote.NewSessionPayload.<init>(NewSessionPayload.java:70)\n\tat org.openqa.selenium.remote.NewSessionPayload.create(NewSessionPayload.java:99)\n\tat org.openqa.selenium.remote.NewSessionPayload.create(NewSessionPayload.java:84)\n\tat org.openqa.selenium.remote.ProtocolHandshake.createSession(ProtocolHandshake.java:60)\n\tat io.appium.java_client.remote.AppiumCommandExecutor.createSession(AppiumCommandExecutor.java:178)\n\tat io.appium.java_client.remote.AppiumCommandExecutor.execute(AppiumCommandExecutor.java:243)\n\tat org.openqa.selenium.remote.RemoteWebDriver.execute(RemoteWebDriver.java:545)\n\tat io.appium.java_client.AppiumDriver.startSession(AppiumDriver.java:313)\n\tat org.openqa.selenium.remote.RemoteWebDriver.<init>(RemoteWebDriver.java:174)\n\tat io.appium.java_client.AppiumDriver.<init>(AppiumDriver.java:101)\n\tat io.appium.java_client.AppiumDriver.<init>(AppiumDriver.java:113)\n\tat io.appium.java_client.android.AndroidDriver.<init>(AndroidDriver.java:109)\n\tat Utilities.AppDriver.launchApp(AppDriver.java:60)\n\tat StepDefinitions.BaseStepDef.setUp(BaseStepDef.java:25)\n\tat java.base/jdk.internal.reflect.DirectMethodHandleAccessor.invoke(DirectMethodHandleAccessor.java:103)\n\tat java.base/java.lang.reflect.Method.invoke(Method.java:580)\n\tat io.cucumber.java.Invoker.doInvoke(Invoker.java:66)\n\tat io.cucumber.java.Invoker.invoke(Invoker.java:24)\n\tat io.cucumber.java.AbstractGlueDefinition.invokeMethod(AbstractGlueDefinition.java:47)\n\tat io.cucumber.java.JavaHookDefinition.execute(JavaHookDefinition.java:64)\n\tat io.cucumber.core.runner.CoreHookDefinition.execute(CoreHookDefinition.java:46)\n\tat io.cucumber.core.runner.HookDefinitionMatch.runStep(HookDefinitionMatch.java:21)\n\tat io.cucumber.core.runner.ExecutionMode$1.execute(ExecutionMode.java:10)\n\tat io.cucumber.core.runner.TestStep.executeStep(TestStep.java:84)\n\tat io.cucumber.core.runner.TestStep.run(TestStep.java:56)\n\tat io.cucumber.core.runner.TestCase.run(TestCase.java:78)\n\tat io.cucumber.core.runner.Runner.runPickle(Runner.java:75)\n\tat io.cucumber.testng.TestNGCucumberRunner.lambda$runScenario$1(TestNGCucumberRunner.java:132)\n\tat io.cucumber.core.runtime.CucumberExecutionContext.lambda$runTestCase$5(CucumberExecutionContext.java:137)\n\tat io.cucumber.core.runtime.RethrowingThrowableCollector.executeAndThrow(RethrowingThrowableCollector.java:23)\n\tat io.cucumber.core.runtime.CucumberExecutionContext.runTestCase(CucumberExecutionContext.java:137)\n\tat io.cucumber.testng.TestNGCucumberRunner.runScenario(TestNGCucumberRunner.java:129)\n\tat io.cucumber.testng.AbstractTestNGCucumberTests.runScenario(AbstractTestNGCucumberTests.java:35)\n\tat java.base/jdk.internal.reflect.DirectMethodHandleAccessor.invoke(DirectMethodHandleAccessor.java:103)\n\tat java.base/java.lang.reflect.Method.invoke(Method.java:580)\n\tat org.testng.internal.invokers.MethodInvocationHelper.invokeMethod(MethodInvocationHelper.java:141)\n\tat org.testng.internal.invokers.TestInvoker.invokeMethod(TestInvoker.java:687)\n\tat org.testng.internal.invokers.TestInvoker.invokeTestMethod(TestInvoker.java:230)\n\tat org.testng.internal.invokers.MethodRunner.runInSequence(MethodRunner.java:63)\n\tat org.testng.internal.invokers.TestInvoker$MethodInvocationAgent.invoke(TestInvoker.java:995)\n\tat org.testng.internal.invokers.TestInvoker.invokeTestMethods(TestInvoker.java:203)\n\tat org.testng.internal.invokers.TestMethodWorker.invokeTestMethods(TestMethodWorker.java:154)\n\tat org.testng.internal.invokers.TestMethodWorker.run(TestMethodWorker.java:134)\n\tat java.base/java.util.concurrent.Executors$RunnableAdapter.call(Executors.java:572)\n\tat java.base/java.util.concurrent.FutureTask.run(FutureTask.java:317)\n\tat org.testng.internal.thread.graph.TestNGFutureTask.run(TestNGFutureTask.java:22)\n\tat java.base/java.util.concurrent.ThreadPoolExecutor.runWorker(ThreadPoolExecutor.java:1144)\n\tat java.base/java.util.concurrent.ThreadPoolExecutor$Worker.run(ThreadPoolExecutor.java:642)\n\tat java.base/java.lang.Thread.run(Thread.java:1570)\n"},"stage":"finished","steps":[{"name":"Given  the privacy notice screen is displayed","status":"skipped","statusDetails":{"known":false,"muted":false,"flaky":false},"stage":"finished","steps":[],"attachments":[],"parameters":[],"start":1750289101603,"stop":1750289101603},{"name":"Then  click on accept button","status":"skipped","statusDetails":{"known":false,"muted":false,"flaky":false},"stage":"finished","steps":[],"attachments":[],"parameters":[],"start":1750289101603,"stop":1750289101604}],"attachments":[],"parameters":[],"start":1750289101422,"stop":1750289101610}