{"uuid":"7437bd8e-fec5-4b2f-a3fc-53344fb8c0c9","historyId":"db8fa2e46f4b428e5bdf9acfe7540f89","fullName":"src/test/java/Features/login.feature:4","labels":[{"name":"tag","value":"Task1"},{"name":"host","value":"Sateesh-MacBook-Pro.local"},{"name":"thread","value":"82958@Sateesh-MacBook-Pro.local.TestNG-test-CucumberTest-1(31)"},{"name":"feature","value":"login feature"},{"name":"story","value":"Verify user login"},{"name":"suite","value":"login feature"},{"name":"testClass","value":"Verify user login"},{"name":"framework","value":"cucumber4jvm"},{"name":"language","value":"java"},{"name":"gherkin_uri","value":"file:///Users/sateeshkadiri/IdeaProjects/Mobile_Automation_Maven/src/test/java/Features/login.feature"},{"name":"package","value":"src.test.java.Features.login_feature.login feature"}],"links":[],"name":"Verify user login","status":"failed","statusDetails":{"known":false,"muted":false,"flaky":false,"message":"expected [Privacy notice] but found [\nPrivacy notice]","trace":"java.lang.AssertionError: expected [Privacy notice] but found [\nPrivacy notice]\n\tat org.testng.Assert.fail(Assert.java:111)\n\tat org.testng.Assert.failNotEquals(Assert.java:1590)\n\tat org.testng.Assert.assertEqualsImpl(Assert.java:150)\n\tat org.testng.Assert.assertEquals(Assert.java:132)\n\tat org.testng.Assert.assertEquals(Assert.java:656)\n\tat org.testng.Assert.assertEquals(Assert.java:666)\n\tat StepDefinitions.LoginSteps.privacyNoticeScreenIsDisplayed(LoginSteps.java:28)\n\tat ✽.the privacy notice screen is displayed(file:///Users/sateeshkadiri/IdeaProjects/Mobile_Automation_Maven/src/test/java/Features/login.feature:5)\n"},"stage":"finished","steps":[{"name":"Given  the privacy notice screen is displayed","status":"failed","statusDetails":{"known":false,"muted":false,"flaky":false,"message":"expected [Privacy notice] but found [\nPrivacy notice]","trace":"java.lang.AssertionError: expected [Privacy notice] but found [\nPrivacy notice]\n\tat org.testng.Assert.fail(Assert.java:111)\n\tat org.testng.Assert.failNotEquals(Assert.java:1590)\n\tat org.testng.Assert.assertEqualsImpl(Assert.java:150)\n\tat org.testng.Assert.assertEquals(Assert.java:132)\n\tat org.testng.Assert.assertEquals(Assert.java:656)\n\tat org.testng.Assert.assertEquals(Assert.java:666)\n\tat StepDefinitions.LoginSteps.privacyNoticeScreenIsDisplayed(LoginSteps.java:28)\n\tat ✽.the privacy notice screen is displayed(file:///Users/sateeshkadiri/IdeaProjects/Mobile_Automation_Maven/src/test/java/Features/login.feature:5)\n"},"stage":"finished","steps":[],"attachments":[],"parameters":[],"start":1750290634512,"stop":1750290636772},{"name":"Then  click on accept button","status":"skipped","statusDetails":{"known":false,"muted":false,"flaky":false},"stage":"finished","steps":[],"attachments":[],"parameters":[],"start":1750290636774,"stop":1750290636774}],"attachments":[],"parameters":[],"start":1750290630783,"stop":1750290637513}