{"uuid":"7a85274f-f02e-4368-aa1d-c3a97b693ee5","name":"Runners.TestRunner","children":["f997853b-2062-41a9-a882-84e89479c40a"],"befores":[{"name":"setUpClass","status":"broken","statusDetails":{"known":false,"muted":false,"flaky":false,"message":"The plugin specification 'io.qameta.allure.cucumber7jvm.AllureCucumber7Jvm' has a problem:\n\nCould not load plugin class 'io.qameta.allure.cucumber7jvm.AllureCucumber7Jvm'.\n\nPlugin specifications should have the format of PLUGIN[:[PATH|[URI [OPTIONS]]]\n\nValid values for PLUGIN are: html, json, junit, message, pretty, progress, rerun, summary, teamcity, testng, timeline, unused, usage\n\nPLUGIN can also be a fully qualified class name, allowing registration of 3rd party plugins. The 3rd party plugin must implement io.cucumber.plugin.Plugin","trace":"java.lang.IllegalArgumentException: The plugin specification 'io.qameta.allure.cucumber7jvm.AllureCucumber7Jvm' has a problem:\n\nCould not load plugin class 'io.qameta.allure.cucumber7jvm.AllureCucumber7Jvm'.\n\nPlugin specifications should have the format of PLUGIN[:[PATH|[URI [OPTIONS]]]\n\nValid values for PLUGIN are: html, json, junit, message, pretty, progress, rerun, summary, teamcity, testng, timeline, unused, usage\n\nPLUGIN can also be a fully qualified class name, allowing registration of 3rd party plugins. The 3rd party plugin must implement io.cucumber.plugin.Plugin\n\tat io.cucumber.core.options.PluginOption.createCouldNotLoadClass(PluginOption.java:167)\n\tat io.cucumber.core.options.PluginOption.parsePluginName(PluginOption.java:145)\n\tat io.cucumber.core.options.PluginOption.parse(PluginOption.java:100)\n\tat io.cucumber.core.options.RuntimeOptionsBuilder.addPluginName(RuntimeOptionsBuilder.java:68)\n\tat io.cucumber.core.options.CucumberOptionsAnnotationParser.addPlugins(CucumberOptionsAnnotationParser.java:85)\n\tat io.cucumber.core.options.CucumberOptionsAnnotationParser.parse(CucumberOptionsAnnotationParser.java:39)\n\tat io.cucumber.testng.TestNGCucumberRunner.<init>(TestNGCucumberRunner.java:85)\n\tat io.cucumber.testng.AbstractTestNGCucumberTests.setUpClass(AbstractTestNGCucumberTests.java:27)\n\tat java.base/jdk.internal.reflect.DirectMethodHandleAccessor.invoke(DirectMethodHandleAccessor.java:103)\n\tat java.base/java.lang.reflect.Method.invoke(Method.java:580)\n\tat org.testng.internal.invokers.MethodInvocationHelper.invokeMethod(MethodInvocationHelper.java:141)\n\tat org.testng.internal.invokers.MethodInvocationHelper.invokeMethodConsideringTimeout(MethodInvocationHelper.java:71)\n\tat org.testng.internal.invokers.ConfigInvoker.invokeConfigurationMethod(ConfigInvoker.java:400)\n\tat org.testng.internal.invokers.ConfigInvoker.invokeConfigurations(ConfigInvoker.java:333)\n\tat org.testng.internal.invokers.TestMethodWorker.invokeBeforeClassMethods(TestMethodWorker.java:188)\n\tat org.testng.internal.invokers.TestMethodWorker.run(TestMethodWorker.java:128)\n\tat java.base/java.util.concurrent.Executors$RunnableAdapter.call(Executors.java:572)\n\tat java.base/java.util.concurrent.FutureTask.run(FutureTask.java:317)\n\tat org.testng.internal.thread.graph.TestNGFutureTask.run(TestNGFutureTask.java:22)\n\tat java.base/java.util.concurrent.ThreadPoolExecutor.runWorker(ThreadPoolExecutor.java:1144)\n\tat java.base/java.util.concurrent.ThreadPoolExecutor$Worker.run(ThreadPoolExecutor.java:642)\n\tat java.base/java.lang.Thread.run(Thread.java:1570)\nCaused by: java.lang.ClassNotFoundException: io.qameta.allure.cucumber7jvm.AllureCucumber7Jvm\n\tat java.base/jdk.internal.loader.BuiltinClassLoader.loadClass(BuiltinClassLoader.java:641)\n\tat java.base/jdk.internal.loader.ClassLoaders$AppClassLoader.loadClass(ClassLoaders.java:188)\n\tat java.base/java.lang.ClassLoader.loadClass(ClassLoader.java:525)\n\tat io.cucumber.core.options.PluginOption.parsePluginName(PluginOption.java:139)\n\t... 20 more\n"},"stage":"finished","description":"","steps":[],"attachments":[],"parameters":[],"start":1750284960194,"stop":1750284960205},{"name":"runCucumberTests","status":"broken","stage":"finished","description":"","steps":[],"attachments":[],"parameters":[],"start":1750284960247,"stop":1750284960247}],"afters":[{"name":"tearDown","status":"broken","stage":"finished","description":"","steps":[],"attachments":[],"parameters":[],"start":1750284960249,"stop":1750284960249},{"name":"tearDownClass","status":"passed","stage":"finished","description":"","steps":[],"attachments":[],"parameters":[],"start":1750284960250,"stop":1750284960250}],"start":1750284960181,"stop":1750284960254}